Build started 2017/12/4 10:01:46.
     1>Project "C:\Users\nian yi\Documents\Visual Studio 2013\Projects\Nian_Yi_HW5\Nian_Yi_HW5\Nian_Yi_HW5.vcxproj" on node 2 (Rebuild target(s)).
     1>ClCompile:
         C:\Program Files (x86)\Microsoft Visual Studio 12.0\VC\bin\CL.exe /c /ZI /nologo /W3 /WX- /Od /Oy- /D WIN32 /D _DEBUG /D _CONSOLE /D _LIB /D _UNICODE /D UNICODE /Gm /EHsc /RTC1 /MDd /GS /fp:precise /Zc:wchar_t /Zc:forScope /Fo"Debug\\" /Fd"Debug\vc120.pdb" /Gd /TP /analyze- /errorReport:prompt european.cpp main.cpp NianYi_HW10.cpp Source.cpp
         Source.cpp
         NianYi_HW10.cpp
     1>c:\users\nian yi\documents\visual studio 2013\projects\nian_yi_hw5\nian_yi_hw5\nianyi_hw10.cpp(31): warning C4244: '=' : conversion from 'double' to 'float', possible loss of data
     1>c:\users\nian yi\documents\visual studio 2013\projects\nian_yi_hw5\nian_yi_hw5\nianyi_hw10.cpp(43): warning C4244: '=' : conversion from 'double' to 'float', possible loss of data
     1>c:\users\nian yi\documents\visual studio 2013\projects\nian_yi_hw5\nian_yi_hw5\nianyi_hw10.cpp(51): warning C4244: '=' : conversion from 'double' to 'float', possible loss of data
     1>c:\users\nian yi\documents\visual studio 2013\projects\nian_yi_hw5\nian_yi_hw5\nianyi_hw10.cpp(63): warning C4244: '=' : conversion from 'double' to 'float', possible loss of data
     1>c:\users\nian yi\documents\visual studio 2013\projects\nian_yi_hw5\nian_yi_hw5\nianyi_hw10.cpp(74): warning C4244: '=' : conversion from 'double' to 'float', possible loss of data
     1>c:\users\nian yi\documents\visual studio 2013\projects\nian_yi_hw5\nian_yi_hw5\nianyi_hw10.cpp(85): warning C4244: '=' : conversion from 'double' to 'float', possible loss of data
     1>c:\users\nian yi\documents\visual studio 2013\projects\nian_yi_hw5\nian_yi_hw5\nianyi_hw10.cpp(94): warning C4244: '=' : conversion from 'double' to 'float', possible loss of data
     1>c:\users\nian yi\documents\visual studio 2013\projects\nian_yi_hw5\nian_yi_hw5\nianyi_hw10.cpp(105): warning C4244: '=' : conversion from 'double' to 'float', possible loss of data
     1>c:\users\nian yi\documents\visual studio 2013\projects\nian_yi_hw5\nian_yi_hw5\nianyi_hw10.cpp(189): warning C4244: 'initializing' : conversion from 'double' to 'float', possible loss of data
     1>c:\users\nian yi\documents\visual studio 2013\projects\nian_yi_hw5\nian_yi_hw5\nianyi_hw10.cpp(191): warning C4244: 'initializing' : conversion from 'double' to 'float', possible loss of data
     1>c:\users\nian yi\documents\visual studio 2013\projects\nian_yi_hw5\nian_yi_hw5\nianyi_hw10.cpp(194): warning C4244: 'initializing' : conversion from 'double' to 'float', possible loss of data
     1>c:\users\nian yi\documents\visual studio 2013\projects\nian_yi_hw5\nian_yi_hw5\nianyi_hw10.cpp(196): warning C4244: 'initializing' : conversion from 'double' to 'float', possible loss of data
         main.cpp
         european.cpp
         Generating Code...
       Link:
         C:\Program Files (x86)\Microsoft Visual Studio 12.0\VC\bin\link.exe /ERRORREPORT:PROMPT /OUT:"C:\Users\nian yi\Documents\Visual Studio 2013\Projects\Nian_Yi_HW5\Debug\Nian_Yi_HW5.exe" /INCREMENTAL /NOLOGO kernel32.lib user32.lib gdi32.lib winspool.lib comdlg32.lib advapi32.lib shell32.lib ole32.lib oleaut32.lib uuid.lib odbc32.lib odbccp32.lib /MANIFEST /MANIFESTUAC:"level='asInvoker' uiAccess='false'" /manifest:embed /DEBUG /PDB:"C:\Users\nian yi\Documents\Visual Studio 2013\Projects\Nian_Yi_HW5\Debug\Nian_Yi_HW5.pdb" /SUBSYSTEM:CONSOLE /STACK:"100000000000" /TLBID:1 /DYNAMICBASE /NXCOMPAT /IMPLIB:"C:\Users\nian yi\Documents\Visual Studio 2013\Projects\Nian_Yi_HW5\Debug\Nian_Yi_HW5.lib" /MACHINE:X86 Debug\european.obj
         Debug\main.obj
         Debug\NianYi_HW10.obj
         Debug\Source.obj
         Nian_Yi_HW5.vcxproj -> C:\Users\nian yi\Documents\Visual Studio 2013\Projects\Nian_Yi_HW5\Debug\Nian_Yi_HW5.exe
     1>Done Building Project "C:\Users\nian yi\Documents\Visual Studio 2013\Projects\Nian_Yi_HW5\Nian_Yi_HW5\Nian_Yi_HW5.vcxproj" (Rebuild target(s)).

Build succeeded.

Time Elapsed 00:00:01.60
